2013-05-07 13:54:15,370 [localhost-startStop-1] ERROR StackTrace  - Full Stack Trace:
org.springframework.beans.factory.BeanCreationException: Error creating bean with name 'pluginManager' defined in ServletContext resource [/WEB-INF/applicationContext.xml]: Invocation of init method failed; nested exception is org.codehaus.groovy.grails.exceptions.GrailsDomainException: Non-existent mapping property [registrationsheet] specified for property [regEntry] in class [class uk.ac.shu.webarch.eregister.RegistrationSheet]
	at org.springframework.beans.factory.support.AbstractAutowireCapableBeanFactory.initializeBean(AbstractAutowireCapableBeanFactory.java:1455)
	at org.springframework.beans.factory.support.AbstractAutowireCapableBeanFactory.doCreateBean(AbstractAutowireCapableBeanFactory.java:519)
	at org.springframework.beans.factory.support.AbstractAutowireCapableBeanFactory.createBean(AbstractAutowireCapableBeanFactory.java:456)
	at org.springframework.beans.factory.support.AbstractBeanFactory$1.getObject(AbstractBeanFactory.java:294)
	at org.springframework.beans.factory.support.DefaultSingletonBeanRegistry.getSingleton(DefaultSingletonBeanRegistry.java:225)
	at org.springframework.beans.factory.support.AbstractBeanFactory.doGetBean(AbstractBeanFactory.java:291)
	at org.springframework.beans.factory.support.AbstractBeanFactory.getBean(AbstractBeanFactory.java:193)
	at org.springframework.beans.factory.support.DefaultListableBeanFactory.preInstantiateSingletons(DefaultListableBeanFactory.java:591)
	at org.springframework.context.support.AbstractApplicationContext.finishBeanFactoryInitialization(AbstractApplicationContext.java:918)
	at org.springframework.context.support.AbstractApplicationContext.refresh(AbstractApplicationContext.java:469)
	at org.springframework.web.context.ContextLoader.configureAndRefreshWebApplicationContext(ContextLoader.java:383)
	at org.springframework.web.context.ContextLoader.initWebApplicationContext(ContextLoader.java:283)
	at org.codehaus.groovy.grails.web.context.GrailsContextLoader.initWebApplicationContext(GrailsContextLoader.java:66)
	at org.springframework.web.context.ContextLoaderListener.contextInitialized(ContextLoaderListener.java:111)
	at org.apache.catalina.core.StandardContext.listenerStart(StandardContext.java:4791)
	at org.apache.catalina.core.StandardContext.startInternal(StandardContext.java:5285)
	at org.apache.catalina.util.LifecycleBase.start(LifecycleBase.java:150)
	at org.apache.catalina.core.ContainerBase$StartChild.call(ContainerBase.java:1559)
	at org.apache.catalina.core.ContainerBase$StartChild.call(ContainerBase.java:1549)
	at java.util.concurrent.FutureTask$Sync.innerRun(FutureTask.java:334)
	at java.util.concurrent.FutureTask.run(FutureTask.java:166)
	at java.util.concurrent.ThreadPoolExecutor.runWorker(ThreadPoolExecutor.java:1110)
	at java.util.concurrent.ThreadPoolExecutor$Worker.run(ThreadPoolExecutor.java:603)
	at java.lang.Thread.run(Thread.java:722)
Caused by: org.codehaus.groovy.grails.exceptions.GrailsDomainException: Non-existent mapping property [registrationsheet] specified for property [regEntry] in class [class uk.ac.shu.webarch.eregister.RegistrationSheet]
	at org.codehaus.groovy.grails.commons.DefaultGrailsDomainClass.establishRelationshipForCollection(DefaultGrailsDomainClass.java:315)
	at org.codehaus.groovy.grails.commons.DefaultGrailsDomainClass.establishRelationships(DefaultGrailsDomainClass.java:261)
	at org.codehaus.groovy.grails.commons.DefaultGrailsDomainClass.<init>(DefaultGrailsDomainClass.java:119)
	at org.codehaus.groovy.grails.commons.DomainClassArtefactHandler.newArtefactClass(DomainClassArtefactHandler.java:50)
	at org.codehaus.groovy.grails.commons.AnnotationDomainClassArtefactHandler.newArtefactClass(AnnotationDomainClassArtefactHandler.java:53)
	at org.codehaus.groovy.grails.commons.DefaultGrailsApplication.addArtefact(DefaultGrailsApplication.java:889)
	at org.codehaus.groovy.grails.commons.DefaultGrailsApplication.addArtefact(DefaultGrailsApplication.java:615)
	at org.codehaus.groovy.grails.commons.DefaultGrailsApplication.configureLoadedClasses(DefaultGrailsApplication.java:326)
	at org.codehaus.groovy.grails.commons.DefaultGrailsApplication.initialise(DefaultGrailsApplication.java:820)
	at org.codehaus.groovy.grails.plugins.GrailsPluginManagerFactoryBean.afterPropertiesSet(GrailsPluginManagerFactoryBean.java:110)
	at org.springframework.beans.factory.support.AbstractAutowireCapableBeanFactory.invokeInitMethods(AbstractAutowireCapableBeanFactory.java:1514)
	at org.springframework.beans.factory.support.AbstractAutowireCapableBeanFactory.initializeBean(AbstractAutowireCapableBeanFactory.java:1452)
	... 23 more
2013-05-07 13:54:15,372 [localhost-startStop-1] ERROR StackTrace  - Full Stack Trace:
org.codehaus.groovy.grails.exceptions.GrailsDomainException: Non-existent mapping property [registrationsheet] specified for property [regEntry] in class [class uk.ac.shu.webarch.eregister.RegistrationSheet]
	at org.codehaus.groovy.grails.commons.DefaultGrailsDomainClass.establishRelationshipForCollection(DefaultGrailsDomainClass.java:315)
	at org.codehaus.groovy.grails.commons.DefaultGrailsDomainClass.establishRelationships(DefaultGrailsDomainClass.java:261)
	at org.codehaus.groovy.grails.commons.DefaultGrailsDomainClass.<init>(DefaultGrailsDomainClass.java:119)
	at org.codehaus.groovy.grails.commons.DomainClassArtefactHandler.newArtefactClass(DomainClassArtefactHandler.java:50)
	at org.codehaus.groovy.grails.commons.AnnotationDomainClassArtefactHandler.newArtefactClass(AnnotationDomainClassArtefactHandler.java:53)
	at org.codehaus.groovy.grails.commons.DefaultGrailsApplication.addArtefact(DefaultGrailsApplication.java:889)
	at org.codehaus.groovy.grails.commons.DefaultGrailsApplication.addArtefact(DefaultGrailsApplication.java:615)
	at org.codehaus.groovy.grails.commons.DefaultGrailsApplication.configureLoadedClasses(DefaultGrailsApplication.java:326)
	at org.codehaus.groovy.grails.commons.DefaultGrailsApplication.initialise(DefaultGrailsApplication.java:820)
	at org.codehaus.groovy.grails.plugins.GrailsPluginManagerFactoryBean.afterPropertiesSet(GrailsPluginManagerFactoryBean.java:110)
	at org.springframework.beans.factory.support.AbstractAutowireCapableBeanFactory.invokeInitMethods(AbstractAutowireCapableBeanFactory.java:1514)
	at org.springframework.beans.factory.support.AbstractAutowireCapableBeanFactory.initializeBean(AbstractAutowireCapableBeanFactory.java:1452)
	at org.springframework.beans.factory.support.AbstractAutowireCapableBeanFactory.doCreateBean(AbstractAutowireCapableBeanFactory.java:519)
	at org.springframework.beans.factory.support.AbstractAutowireCapableBeanFactory.createBean(AbstractAutowireCapableBeanFactory.java:456)
	at org.springframework.beans.factory.support.AbstractBeanFactory$1.getObject(AbstractBeanFactory.java:294)
	at org.springframework.beans.factory.support.DefaultSingletonBeanRegistry.getSingleton(DefaultSingletonBeanRegistry.java:225)
	at org.springframework.beans.factory.support.AbstractBeanFactory.doGetBean(AbstractBeanFactory.java:291)
	at org.springframework.beans.factory.support.AbstractBeanFactory.getBean(AbstractBeanFactory.java:193)
	at org.springframework.beans.factory.support.DefaultListableBeanFactory.preInstantiateSingletons(DefaultListableBeanFactory.java:591)
	at org.springframework.context.support.AbstractApplicationContext.finishBeanFactoryInitialization(AbstractApplicationContext.java:918)
	at org.springframework.context.support.AbstractApplicationContext.refresh(AbstractApplicationContext.java:469)
	at org.springframework.web.context.ContextLoader.configureAndRefreshWebApplicationContext(ContextLoader.java:383)
	at org.springframework.web.context.ContextLoader.initWebApplicationContext(ContextLoader.java:283)
	at org.codehaus.groovy.grails.web.context.GrailsContextLoader.initWebApplicationContext(GrailsContextLoader.java:66)
	at org.springframework.web.context.ContextLoaderListener.contextInitialized(ContextLoaderListener.java:111)
	at org.apache.catalina.core.StandardContext.listenerStart(StandardContext.java:4791)
	at org.apache.catalina.core.StandardContext.startInternal(StandardContext.java:5285)
	at org.apache.catalina.util.LifecycleBase.start(LifecycleBase.java:150)
	at org.apache.catalina.core.ContainerBase$StartChild.call(ContainerBase.java:1559)
	at org.apache.catalina.core.ContainerBase$StartChild.call(ContainerBase.java:1549)
	at java.util.concurrent.FutureTask$Sync.innerRun(FutureTask.java:334)
	at java.util.concurrent.FutureTask.run(FutureTask.java:166)
	at java.util.concurrent.ThreadPoolExecutor.runWorker(ThreadPoolExecutor.java:1110)
	at java.util.concurrent.ThreadPoolExecutor$Worker.run(ThreadPoolExecutor.java:603)
	at java.lang.Thread.run(Thread.java:722)
2013-05-07 13:54:15,372 [localhost-startStop-1] ERROR StackTrace  - Full Stack Trace:
org.springframework.beans.factory.BeanCreationException: Error creating bean with name 'pluginManager' defined in ServletContext resource [/WEB-INF/applicationContext.xml]: Invocation of init method failed; nested exception is org.codehaus.groovy.grails.exceptions.GrailsDomainException: Non-existent mapping property [registrationsheet] specified for property [regEntry] in class [class uk.ac.shu.webarch.eregister.RegistrationSheet]
	at java.util.concurrent.FutureTask$Sync.innerRun(FutureTask.java:334)
	at java.util.concurrent.FutureTask.run(FutureTask.java:166)
	at java.util.concurrent.ThreadPoolExecutor.runWorker(ThreadPoolExecutor.java:1110)
	at java.util.concurrent.ThreadPoolExecutor$Worker.run(ThreadPoolExecutor.java:603)
	at java.lang.Thread.run(Thread.java:722)
Caused by: org.codehaus.groovy.grails.exceptions.GrailsDomainException: Non-existent mapping property [registrationsheet] specified for property [regEntry] in class [class uk.ac.shu.webarch.eregister.RegistrationSheet]
	... 5 more
2013-05-07 13:54:15,372 [localhost-startStop-1] ERROR StackTrace  - Full Stack Trace:
org.springframework.beans.factory.BeanCreationException: Error creating bean with name 'pluginManager' defined in ServletContext resource [/WEB-INF/applicationContext.xml]: Invocation of init method failed; nested exception is org.codehaus.groovy.grails.exceptions.GrailsDomainException: Non-existent mapping property [registrationsheet] specified for property [regEntry] in class [class uk.ac.shu.webarch.eregister.RegistrationSheet]
	at java.util.concurrent.FutureTask$Sync.innerRun(FutureTask.java:334)
	at java.util.concurrent.FutureTask.run(FutureTask.java:166)
	at java.util.concurrent.ThreadPoolExecutor.runWorker(ThreadPoolExecutor.java:1110)
	at java.util.concurrent.ThreadPoolExecutor$Worker.run(ThreadPoolExecutor.java:603)
	at java.lang.Thread.run(Thread.java:722)
Caused by: org.codehaus.groovy.grails.exceptions.GrailsDomainException: Non-existent mapping property [registrationsheet] specified for property [regEntry] in class [class uk.ac.shu.webarch.eregister.RegistrationSheet]
	... 5 more
2013-05-07 13:54:15,372 [localhost-startStop-1] ERROR StackTrace  - Full Stack Trace:
org.codehaus.groovy.grails.exceptions.GrailsDomainException: Non-existent mapping property [registrationsheet] specified for property [regEntry] in class [class uk.ac.shu.webarch.eregister.RegistrationSheet]
	at java.util.concurrent.FutureTask$Sync.innerRun(FutureTask.java:334)
	at java.util.concurrent.FutureTask.run(FutureTask.java:166)
	at java.util.concurrent.ThreadPoolExecutor.runWorker(ThreadPoolExecutor.java:1110)
	at java.util.concurrent.ThreadPoolExecutor$Worker.run(ThreadPoolExecutor.java:603)
	at java.lang.Thread.run(Thread.java:722)
2013-05-07 13:54:15,372 [localhost-startStop-1] ERROR StackTrace  - Full Stack Trace:
org.springframework.beans.factory.BeanCreationException: Error creating bean with name 'pluginManager' defined in ServletContext resource [/WEB-INF/applicationContext.xml]: Invocation of init method failed; nested exception is org.codehaus.groovy.grails.exceptions.GrailsDomainException: Non-existent mapping property [registrationsheet] specified for property [regEntry] in class [class uk.ac.shu.webarch.eregister.RegistrationSheet]
	at java.util.concurrent.FutureTask$Sync.innerRun(FutureTask.java:334)
	at java.util.concurrent.FutureTask.run(FutureTask.java:166)
	at java.util.concurrent.ThreadPoolExecutor.runWorker(ThreadPoolExecutor.java:1110)
	at java.util.concurrent.ThreadPoolExecutor$Worker.run(ThreadPoolExecutor.java:603)
	at java.lang.Thread.run(Thread.java:722)
Caused by: org.codehaus.groovy.grails.exceptions.GrailsDomainException: Non-existent mapping property [registrationsheet] specified for property [regEntry] in class [class uk.ac.shu.webarch.eregister.RegistrationSheet]
	... 5 more
2013-05-07 13:54:15,465 [localhost-startStop-1] ERROR StackTrace  - Full Stack Trace:
org.springframework.beans.factory.BeanCreationException: Error creating bean with name 'pluginManager' defined in ServletContext resource [/WEB-INF/applicationContext.xml]: Invocation of init method failed; nested exception is org.codehaus.groovy.grails.exceptions.GrailsDomainException: Non-existent mapping property [registrationsheet] specified for property [regEntry] in class [class uk.ac.shu.webarch.eregister.RegistrationSheet]
	at java.util.concurrent.FutureTask$Sync.innerRun(FutureTask.java:334)
	at java.util.concurrent.FutureTask.run(FutureTask.java:166)
	at java.util.concurrent.ThreadPoolExecutor.runWorker(ThreadPoolExecutor.java:1110)
	at java.util.concurrent.ThreadPoolExecutor$Worker.run(ThreadPoolExecutor.java:603)
	at java.lang.Thread.run(Thread.java:722)
Caused by: org.codehaus.groovy.grails.exceptions.GrailsDomainException: Non-existent mapping property [registrationsheet] specified for property [regEntry] in class [class uk.ac.shu.webarch.eregister.RegistrationSheet]
	... 5 more
2013-05-07 13:54:15,465 [localhost-startStop-1] ERROR StackTrace  - Full Stack Trace:
org.codehaus.groovy.grails.exceptions.GrailsDomainException: Non-existent mapping property [registrationsheet] specified for property [regEntry] in class [class uk.ac.shu.webarch.eregister.RegistrationSheet]
	at java.util.concurrent.FutureTask$Sync.innerRun(FutureTask.java:334)
	at java.util.concurrent.FutureTask.run(FutureTask.java:166)
	at java.util.concurrent.ThreadPoolExecutor.runWorker(ThreadPoolExecutor.java:1110)
	at java.util.concurrent.ThreadPoolExecutor$Worker.run(ThreadPoolExecutor.java:603)
	at java.lang.Thread.run(Thread.java:722)
2013-05-07 13:54:15,465 [localhost-startStop-1] ERROR StackTrace  - Full Stack Trace:
org.springframework.beans.factory.BeanCreationException: Error creating bean with name 'pluginManager' defined in ServletContext resource [/WEB-INF/applicationContext.xml]: Invocation of init method failed; nested exception is org.codehaus.groovy.grails.exceptions.GrailsDomainException: Non-existent mapping property [registrationsheet] specified for property [regEntry] in class [class uk.ac.shu.webarch.eregister.RegistrationSheet]
	at java.util.concurrent.FutureTask$Sync.innerRun(FutureTask.java:334)
	at java.util.concurrent.FutureTask.run(FutureTask.java:166)
	at java.util.concurrent.ThreadPoolExecutor.runWorker(ThreadPoolExecutor.java:1110)
	at java.util.concurrent.ThreadPoolExecutor$Worker.run(ThreadPoolExecutor.java:603)
	at java.lang.Thread.run(Thread.java:722)
Caused by: org.codehaus.groovy.grails.exceptions.GrailsDomainException: Non-existent mapping property [registrationsheet] specified for property [regEntry] in class [class uk.ac.shu.webarch.eregister.RegistrationSheet]
	... 5 more
2013-05-07 13:54:15,465 [localhost-startStop-1] ERROR StackTrace  - Full Stack Trace:
org.springframework.beans.factory.BeanCreationException: Error creating bean with name 'pluginManager' defined in ServletContext resource [/WEB-INF/applicationContext.xml]: Invocation of init method failed; nested exception is org.codehaus.groovy.grails.exceptions.GrailsDomainException: Non-existent mapping property [registrationsheet] specified for property [regEntry] in class [class uk.ac.shu.webarch.eregister.RegistrationSheet]
	at java.util.concurrent.FutureTask$Sync.innerRun(FutureTask.java:334)
	at java.util.concurrent.FutureTask.run(FutureTask.java:166)
	at java.util.concurrent.ThreadPoolExecutor.runWorker(ThreadPoolExecutor.java:1110)
	at java.util.concurrent.ThreadPoolExecutor$Worker.run(ThreadPoolExecutor.java:603)
	at java.lang.Thread.run(Thread.java:722)
Caused by: org.codehaus.groovy.grails.exceptions.GrailsDomainException: Non-existent mapping property [registrationsheet] specified for property [regEntry] in class [class uk.ac.shu.webarch.eregister.RegistrationSheet]
	... 5 more
2013-05-07 13:54:15,465 [localhost-startStop-1] ERROR StackTrace  - Full Stack Trace:
org.codehaus.groovy.grails.exceptions.GrailsDomainException: Non-existent mapping property [registrationsheet] specified for property [regEntry] in class [class uk.ac.shu.webarch.eregister.RegistrationSheet]
	at java.util.concurrent.FutureTask$Sync.innerRun(FutureTask.java:334)
	at java.util.concurrent.FutureTask.run(FutureTask.java:166)
	at java.util.concurrent.ThreadPoolExecutor.runWorker(ThreadPoolExecutor.java:1110)
	at java.util.concurrent.ThreadPoolExecutor$Worker.run(ThreadPoolExecutor.java:603)
	at java.lang.Thread.run(Thread.java:722)
2013-05-07 13:54:15,465 [localhost-startStop-1] ERROR StackTrace  - Full Stack Trace:
org.springframework.beans.factory.BeanCreationException: Error creating bean with name 'pluginManager' defined in ServletContext resource [/WEB-INF/applicationContext.xml]: Invocation of init method failed; nested exception is org.codehaus.groovy.grails.exceptions.GrailsDomainException: Non-existent mapping property [registrationsheet] specified for property [regEntry] in class [class uk.ac.shu.webarch.eregister.RegistrationSheet]
	at java.util.concurrent.FutureTask$Sync.innerRun(FutureTask.java:334)
	at java.util.concurrent.FutureTask.run(FutureTask.java:166)
	at java.util.concurrent.ThreadPoolExecutor.runWorker(ThreadPoolExecutor.java:1110)
	at java.util.concurrent.ThreadPoolExecutor$Worker.run(ThreadPoolExecutor.java:603)
	at java.lang.Thread.run(Thread.java:722)
Caused by: org.codehaus.groovy.grails.exceptions.GrailsDomainException: Non-existent mapping property [registrationsheet] specified for property [regEntry] in class [class uk.ac.shu.webarch.eregister.RegistrationSheet]
	... 5 more
